00:25:33: Creating resource group General
00:25:33: Creating resource group Internal
00:25:33: Creating resource group Autodetect
00:25:33: SceneManagerFactory for type 'DefaultSceneManager' registered.
00:25:33: Registering ResourceManager for type Material
00:25:33: Registering ResourceManager for type Mesh
00:25:33: Registering ResourceManager for type Skeleton
00:25:33: MovableObjectFactory for type 'ParticleSystem' registered.
00:25:33: OverlayElementFactory for type Panel registered.
00:25:33: OverlayElementFactory for type BorderPanel registered.
00:25:33: OverlayElementFactory for type TextArea registered.
00:25:33: Registering ResourceManager for type Font
00:25:33: ArchiveFactory for archive type FileSystem registered.
00:25:33: ArchiveFactory for archive type Zip registered.
00:25:33: DDS codec registering
00:25:33: FreeImage version: 3.14.1
00:25:33: This program uses FreeImage, a free, open source image library supporting all common bitmap formats. See http://freeimage.sourceforge.net for details
00:25:33: Supported formats: bmp,ico,jpg,jif,jpeg,jpe,jng,koa,iff,lbm,mng,pbm,pbm,pcd,pcx,pgm,pgm,png,ppm,ppm,ras,tga,targa,tif,tiff,wap,wbmp,wbm,psd,cut,xbm,xpm,gif,hdr,g3,sgi,exr,j2k,j2c,jp2,pfm,pct,pict,pic,bay,bmq,cr2,crw,cs1,dc2,dcr,dng,erf,fff,hdr,k25,kdc,mdc,mos,mrw,nef,orf,pef,pxn,raf,raw,rdc,sr2,srf,arw,3fr,cine,ia,kc2,mef,nrw,qtk,rw2,sti,drf,dsc,ptx,cap,iiq,rwz
00:25:33: Registering ResourceManager for type HighLevelGpuProgram
00:25:33: Registering ResourceManager for type Compositor
00:25:33: MovableObjectFactory for type 'Entity' registered.
00:25:33: MovableObjectFactory for type 'Light' registered.
00:25:33: MovableObjectFactory for type 'BillboardSet' registered.
00:25:33: MovableObjectFactory for type 'ManualObject' registered.
00:25:33: MovableObjectFactory for type 'BillboardChain' registered.
00:25:33: MovableObjectFactory for type 'RibbonTrail' registered.
00:25:33: OGRE EXCEPTION(6:FileNotFoundException): 'plugins.cfg' file not found! in ConfigFile::load at /Users/davidrogers/Documents/Development/Ogre/ogre-v1-7-3/OgreMain/src/OgreConfigFile.cpp (line 83)
00:25:33: plugins.cfg not found, automatic plugin loading disabled.
00:25:33: *-*-* OGRE Initialising
00:25:33: *-*-* Version 1.7.3 (Cthugha)
00:25:33: Loading library RenderSystem_GL.dylib
00:25:33: Installing plugin: GL RenderSystem
00:25:33: OpenGL Rendering Subsystem created.
00:25:33: Plugin successfully installed
00:25:33: CPU Identifier & Features
00:25:33: -------------------------
00:25:33:  *   CPU ID: GenuineIntel: Intel(R) Core(TM)2 Duo CPU     T7500  @ 2.20GHz
00:25:33:  *      SSE: yes
00:25:33:  *     SSE2: yes
00:25:33:  *     SSE3: yes
00:25:33:  *      MMX: yes
00:25:33:  *   MMXEXT: yes
00:25:33:  *    3DNOW: no
00:25:33:  * 3DNOWEXT: no
00:25:33:  *     CMOV: yes
00:25:33:  *      TSC: yes
00:25:33:  *      FPU: yes
00:25:33:  *      PRO: yes
00:25:33:  *       HT: no
00:25:33: -------------------------
00:25:33: ********************************************
***  Starting Mac OS X OpenGL Subsystem  ***
********************************************
00:25:33: GLRenderSystem::_createRenderWindow "OGRE Render Window", 800x600 windowed  miscParams: FSAA=0 macAPI=cocoa title=OGRE Render Window 
00:25:33: Creating a Cocoa Compatible Render System
00:25:33: GL_VERSION = 2.1 NVIDIA-1.6.26
00:25:33: GL_VENDOR = NVIDIA Corporation
00:25:33: GL_RENDERER = NVIDIA GeForce 8600M GT OpenGL Engine
00:25:33: GL_EXTENSIONS = GL_ARB_transpose_matrix GL_ARB_vertex_program GL_ARB_vertex_blend GL_ARB_window_pos GL_ARB_shader_objects GL_ARB_vertex_shader GL_ARB_shading_language_100 GL_EXT_multi_draw_arrays GL_EXT_clip_volume_hint GL_EXT_rescale_normal GL_EXT_draw_range_elements GL_EXT_fog_coord GL_EXT_gpu_program_parameters GL_EXT_geometry_shader4 GL_EXT_transform_feedback GL_APPLE_client_storage GL_APPLE_specular_vector GL_APPLE_transform_hint GL_APPLE_packed_pixels GL_APPLE_fence GL_APPLE_vertex_array_object GL_APPLE_vertex_program_evaluators GL_APPLE_element_array GL_APPLE_flush_render GL_APPLE_aux_depth_stencil GL_NV_texgen_reflection GL_NV_light_max_exponent GL_IBM_rasterpos_clip GL_SGIS_generate_mipmap GL_ARB_imaging GL_ARB_point_parameters GL_ARB_texture_env_crossbar GL_ARB_texture_border_clamp GL_ARB_multitexture GL_ARB_texture_env_add GL_ARB_texture_cube_map GL_ARB_texture_env_dot3 GL_ARB_multisample GL_ARB_texture_env_combine GL_ARB_texture_compression GL_ARB_texture_mirrored_repeat GL_ARB_shadow GL_ARB_depth_texture GL_ARB_fragment_program GL_ARB_fragment_program_shadow GL_ARB_fragment_shader GL_ARB_occlusion_query GL_ARB_point_sprite GL_ARB_texture_non_power_of_two GL_ARB_vertex_buffer_object GL_ARB_pixel_buffer_object GL_ARB_draw_buffers GL_ARB_shader_texture_lod GL_ARB_color_buffer_float GL_ARB_half_float_vertex GL_ARB_texture_rg GL_ARB_texture_compression_rgtc GL_ARB_framebuffer_object GL_EXT_compiled_vertex_array GL_EXT_draw_buffers2 GL_EXT_framebuffer_object GL_EXT_framebuffer_blit GL_EXT_framebuffer_multisample GL_EXT_texture_rectangle GL_ARB_texture_rectangle GL_EXT_texture_env_add GL_EXT_blend_color GL_EXT_blend_minmax GL_EXT_blend_subtract GL_EXT_texture_lod_bias GL_EXT_abgr GL_EXT_bgra GL_EXT_stencil_wrap GL_EXT_texture_filter_anisotropic GL_EXT_secondary_color GL_EXT_blend_func_separate GL_EXT_shadow_funcs GL_EXT_stencil_two_side GL_EXT_depth_bounds_test GL_EXT_texture_compression_s3tc GL_EXT_texture_compression_dxt1 GL_EXT_texture_sRGB GL_EXT_blend_equation_separate GL_EXT_texture_mirror_clamp GL_EXT_packed_depth_stencil GL_EXT_bindable_uniform GL_EXT_texture_integer GL_EXT_gpu_shader4 GL_EXT_framebuffer_sRGB GL_EXT_provoking_vertex GL_APPLE_flush_buffer_range GL_APPLE_ycbcr_422 GL_APPLE_rgb_422 GL_APPLE_vertex_array_range GL_APPLE_texture_range GL_APPLE_float_pixels GL_ATI_texture_float GL_ARB_texture_float GL_ARB_half_float_pixel GL_APPLE_pixel_buffer GL_APPLE_object_purgeable GL_NV_point_sprite GL_NV_blend_square GL_NV_fog_distance GL_NV_depth_clamp GL_NV_multisample_filter_hint GL_NV_fragment_program_option GL_NV_fragment_program2 GL_NV_vertex_program2_option GL_NV_vertex_program3 GL_NV_conditional_render GL_ATI_texture_mirror_once GL_ATI_texture_env_combine3 GL_ATI_separate_stencil GL_SGIS_texture_edge_clamp GL_SGIS_texture_lod GL_EXT_texture_array GL_EXT_vertex_array_bgra GL_ARB_instanced_arrays GL_ARB_depth_buffer_float GL_EXT_packed_float GL_EXT_texture_shared_exponent 
00:25:33: ***************************
00:25:33: *** GL Renderer Started ***
00:25:33: ***************************
00:25:33: Registering ResourceManager for type GpuProgram
00:25:33: GLSL support detected
00:25:33: GL: Using GL_EXT_framebuffer_object for rendering to textures (best)
00:25:33: FBO PF_UNKNOWN depth/stencil support: D16S0 D24S0 D32S0 Packed-D24S8 
00:25:33: FBO PF_R5G6B5 depth/stencil support: D0S0 D16S0 D24S0 D32S0 Packed-D24S8 
00:25:33: FBO PF_B5G6R5 depth/stencil support: D0S0 D16S0 D24S0 D32S0 Packed-D24S8 
00:25:33: FBO PF_R8G8B8 depth/stencil support: D0S0 D16S0 D24S0 D32S0 Packed-D24S8 
00:25:33: FBO PF_B8G8R8 depth/stencil support: D0S0 D16S0 D24S0 D32S0 Packed-D24S8 
00:25:33: FBO PF_A8R8G8B8 depth/stencil support: D0S0 D16S0 D24S0 D32S0 Packed-D24S8 
00:25:33: FBO PF_B8G8R8A8 depth/stencil support: D0S0 D16S0 D24S0 D32S0 Packed-D24S8 
00:25:33: FBO PF_A2R10G10B10 depth/stencil support: D0S0 D16S0 D24S0 D32S0 Packed-D24S8 
00:25:33: FBO PF_A2B10G10R10 depth/stencil support: D0S0 D16S0 D24S0 D32S0 Packed-D24S8 
00:25:33: FBO PF_FLOAT16_RGB depth/stencil support: D0S0 D16S0 D24S0 D32S0 Packed-D24S8 
00:25:33: FBO PF_FLOAT16_RGBA depth/stencil support: D0S0 D16S0 D24S0 D32S0 Packed-D24S8 
00:25:33: FBO PF_FLOAT32_RGB depth/stencil support: D0S0 D16S0 D24S0 D32S0 Packed-D24S8 
00:25:33: FBO PF_FLOAT32_RGBA depth/stencil support: D0S0 D16S0 D24S0 D32S0 Packed-D24S8 
00:25:34: FBO PF_X8R8G8B8 depth/stencil support: D0S0 D16S0 D24S0 D32S0 Packed-D24S8 
00:25:34: FBO PF_X8B8G8R8 depth/stencil support: D0S0 D16S0 D24S0 D32S0 Packed-D24S8 
00:25:34: FBO PF_SHORT_RGBA depth/stencil support: D0S0 D16S0 D24S0 D32S0 Packed-D24S8 
00:25:34: FBO PF_R3G3B2 depth/stencil support: D0S0 D16S0 D24S0 D32S0 Packed-D24S8 
00:25:34: FBO PF_SHORT_RGB depth/stencil support: D0S0 D16S0 D24S0 D32S0 Packed-D24S8 
00:25:34: [GL] : Valid FBO targets PF_UNKNOWN PF_R5G6B5 PF_B5G6R5 PF_R8G8B8 PF_B8G8R8 PF_A8R8G8B8 PF_B8G8R8A8 PF_A2R10G10B10 PF_A2B10G10R10 PF_FLOAT16_RGB PF_FLOAT16_RGBA PF_FLOAT32_RGB PF_FLOAT32_RGBA PF_X8R8G8B8 PF_X8B8G8R8 PF_SHORT_RGBA PF_R3G3B2 PF_SHORT_RGB 
00:25:34: RenderSystem capabilities
00:25:34: -------------------------
00:25:34: RenderSystem Name: OpenGL Rendering Subsystem
00:25:34: GPU Vendor: nvidia
00:25:34: Device Name: NVIDIA GeForce 8600M GT OpenGL Engine
00:25:34: Driver Version: 2.1.0.0
00:25:34:  * Fixed function pipeline: yes
00:25:34:  * Hardware generation of mipmaps: yes
00:25:34:  * Texture blending: yes
00:25:34:  * Anisotropic texture filtering: yes
00:25:34:  * Dot product texture operation: yes
00:25:34:  * Cube mapping: yes
00:25:34:  * Hardware stencil buffer: yes
00:25:34:    - Stencil depth: 8
00:25:34:    - Two sided stencil support: yes
00:25:34:    - Wrap stencil values: yes
00:25:34:  * Hardware vertex / index buffers: yes
00:25:34:  * Vertex programs: yes
00:25:34:  * Number of floating-point constants for vertex programs: 1024
00:25:34:  * Number of integer constants for vertex programs: 0
00:25:34:  * Number of boolean constants for vertex programs: 0
00:25:34:  * Fragment programs: yes
00:25:34:  * Number of floating-point constants for fragment programs: 1024
00:25:34:  * Number of integer constants for fragment programs: 0
00:25:34:  * Number of boolean constants for fragment programs: 0
00:25:34:  * Geometry programs: yes
00:25:34:  * Number of floating-point constants for geometry programs: 1024
00:25:34:  * Number of integer constants for geometry programs: 0
00:25:34:  * Number of boolean constants for geometry programs: 0
00:25:34:  * Supported Shader Profiles: arbfp1 arbvp1 fp30 fp40 glsl gp4gp gpu_gp nvgp4 vp30 vp40
00:25:34:  * Texture Compression: yes
00:25:34:    - DXT: yes
00:25:34:    - VTC: no
00:25:34:    - PVRTC: no
00:25:34:  * Scissor Rectangle: yes
00:25:34:  * Hardware Occlusion Query: yes
00:25:34:  * User clip planes: yes
00:25:34:  * VET_UBYTE4 vertex element type: yes
00:25:34:  * Infinite far plane projection: yes
00:25:34:  * Hardware render-to-texture: yes
00:25:34:  * Floating point textures: yes
00:25:34:  * Non-power-of-two textures: yes
00:25:34:  * Volume textures: yes
00:25:34:  * Multiple Render Targets: 8
00:25:34:    - With different bit depths: yes
00:25:34:  * Point Sprites: yes
00:25:34:  * Extended point parameters: yes
00:25:34:  * Max Point Size: 63.375
00:25:34:  * Vertex texture fetch: yes
00:25:34:  * Number of world matrices: 0
00:25:34:  * Number of texture units: 16
00:25:34:  * Stencil buffer depth: 8
00:25:34:  * Number of vertex blend matrices: 0
00:25:34:    - Max vertex textures: 16
00:25:34:    - Vertex textures shared: yes
00:25:34:  * Render to Vertex Buffer : no
00:25:34:  * GL 1.5 without VBO workaround: no
00:25:34:  * Frame Buffer objects: yes
00:25:34:  * Frame Buffer objects (ARB extension): no
00:25:34:  * Frame Buffer objects (ATI extension): no
00:25:34:  * PBuffer support: yes
00:25:34:  * GL 1.5 without HW-occlusion workaround: no
00:25:34: Registering ResourceManager for type Texture
00:25:34: DefaultWorkQueue('Root') initialising on thread 0x10281b9f0.
00:25:34: Particle Renderer Type 'billboard' registered
00:25:34: DefaultWorkQueue('Root')::WorkerFunc - thread 0x129111890 starting.
00:25:34: DefaultWorkQueue('Root')::WorkerFunc - thread 0x1291420a0 starting.
00:25:34: Creating resource group Bootstrap
00:25:34: Added resource location '././Contents/Resources/media/packs/OgreCore.zip' of type 'Zip' to resource group 'Bootstrap'
00:25:34: Added resource location '././Contents/Resources/media' of type 'FileSystem' to resource group 'General'
00:25:34: Added resource location '././Contents/Resources/media/own_shaders' of type 'FileSystem' to resource group 'General'
00:25:34: Added resource location '././Contents/Resources/media/meshes' of type 'FileSystem' to resource group 'General'
00:25:34: Added resource location '././Contents/Resources/media/gui' of type 'FileSystem' to resource group 'General'
00:25:34: Added resource location '././Contents/Resources/media/fonts' of type 'FileSystem' to resource group 'General'
00:25:34: Added resource location '././Contents/Resources/media/overlays' of type 'FileSystem' to resource group 'General'
00:25:34: Added resource location '././Contents/Resources/media/materials/programs' of type 'FileSystem' to resource group 'General'
00:25:34: Added resource location '././Contents/Resources/media/materials/scripts' of type 'FileSystem' to resource group 'General'
00:25:34: Added resource location '././Contents/Resources/media/materials/textures' of type 'FileSystem' to resource group 'General'
00:25:34: Added resource location '././Contents/Resources/media/MyGUI_media' of type 'FileSystem' to resource group 'General'
00:25:34: Added resource location '././Contents/Resources/media/packs/cubemapsJS.zip' of type 'Zip' to resource group 'General'
00:25:34: Added resource location '././Contents/Resources/media/packs/skybox.zip' of type 'Zip' to resource group 'General'
00:25:34: Parsing scripts for resource group Autodetect
00:25:34: Finished parsing scripts for resource group Autodetect
00:25:34: Parsing scripts for resource group Bootstrap
00:25:34: Parsing script OgreCore.material
00:25:34: Parsing script OgreProfiler.material
00:25:34: Parsing script Ogre.fontdef
00:25:34: Parsing script OgreDebugPanel.overlay
00:25:34: Texture: New_Ogre_Border_Center.png: Loading 1 faces(PF_A8R8G8B8,256x128x1) with 5 hardware generated mipmaps from Image. Internal format is PF_A8R8G8B8,256x128x1.
00:25:34: Texture: New_Ogre_Border.png: Loading 1 faces(PF_A8R8G8B8,256x256x1) with 5 hardware generated mipmaps from Image. Internal format is PF_A8R8G8B8,256x256x1.
00:25:34: Texture: New_Ogre_Border_Break.png: Loading 1 faces(PF_A8R8G8B8,32x32x1) with 5 hardware generated mipmaps from Image. Internal format is PF_A8R8G8B8,32x32x1.
00:25:34: Texture: ogretext.png: Loading 1 faces(PF_A8R8G8B8,256x128x1) with 5 hardware generated mipmaps from Image. Internal format is PF_A8R8G8B8,256x128x1.
00:25:34: Parsing script OgreLoadingPanel.overlay
00:25:34: Finished parsing scripts for resource group Bootstrap
00:25:34: Parsing scripts for resource group General
00:25:34: Parsing script Examples.program
00:25:34: OGRE EXCEPTION(6:FileNotFoundException): Cannot locate resource AmbientOneTexture.glsl in resource group General or any other group. in ResourceGroupManager::openResource at /Users/davidrogers/Documents/Development/Ogre/ogre-v1-7-3/OgreMain/src/OgreResourceGroupManager.cpp (line 753)
00:25:34: High-level program Ogre/BasicVertexPrograms/AmbientOneTextureGLSL encountered an error during loading and is thus not supported.
OGRE EXCEPTION(6:FileNotFoundException): Cannot locate resource AmbientOneTexture.glsl in resource group General or any other group. in ResourceGroupManager::openResource at /Users/davidrogers/Documents/Development/Ogre/ogre-v1-7-3/OgreMain/src/OgreResourceGroupManager.cpp (line 753)
00:25:34: OGRE EXCEPTION(2:InvalidParametersException): Named constants have not been initialised, perhaps a compile error. in GpuProgramParameters::_findNamedConstantDefinition at /Users/davidrogers/Documents/Development/Ogre/ogre-v1-7-3/OgreMain/src/OgreGpuProgramParams.cpp (line 1425)
00:25:34: Compiler error: invalid parameters in Examples.program(41): setting of constant failed
00:25:34: OGRE EXCEPTION(6:FileNotFoundException): Cannot locate resource skinningTwoWeightsVp.glsl in resource group General or any other group. in ResourceGroupManager::openResource at /Users/davidrogers/Documents/Development/Ogre/ogre-v1-7-3/OgreMain/src/OgreResourceGroupManager.cpp (line 753)
00:25:34: High-level program Ogre/HardwareSkinningTwoWeightsGLSL encountered an error during loading and is thus not supported.
OGRE EXCEPTION(6:FileNotFoundException): Cannot locate resource skinningTwoWeightsVp.glsl in resource group General or any other group. in ResourceGroupManager::openResource at /Users/davidrogers/Documents/Development/Ogre/ogre-v1-7-3/OgreMain/src/OgreResourceGroupManager.cpp (line 753)
00:25:34: OGRE EXCEPTION(2:InvalidParametersException): Named constants have not been initialised, perhaps a compile error. in GpuProgramParameters::_findNamedConstantDefinition at /Users/davidrogers/Documents/Development/Ogre/ogre-v1-7-3/OgreMain/src/OgreGpuProgramParams.cpp (line 1425)
00:25:34: Compiler error: invalid parameters in Examples.program(111): setting of constant failed
00:25:34: OGRE EXCEPTION(2:InvalidParametersException): Named constants have not been initialised, perhaps a compile error. in GpuProgramParameters::_findNamedConstantDefinition at /Users/davidrogers/Documents/Development/Ogre/ogre-v1-7-3/OgreMain/src/OgreGpuProgramParams.cpp (line 1425)
00:25:34: Compiler error: invalid parameters in Examples.program(112): setting of constant failed
00:25:34: OGRE EXCEPTION(2:InvalidParametersException): Named constants have not been initialised, perhaps a compile error. in GpuProgramParameters::_findNamedConstantDefinition at /Users/davidrogers/Documents/Development/Ogre/ogre-v1-7-3/OgreMain/src/OgreGpuProgramParams.cpp (line 1425)
00:25:34: Compiler error: invalid parameters in Examples.program(113): setting of constant failed
00:25:34: OGRE EXCEPTION(2:InvalidParametersException): Named constants have not been initialised, perhaps a compile error. in GpuProgramParameters::_findNamedConstantDefinition at /Users/davidrogers/Documents/Development/Ogre/ogre-v1-7-3/OgreMain/src/OgreGpuProgramParams.cpp (line 1425)
00:25:34: Compiler error: invalid parameters in Examples.program(114): setting of constant failed
00:25:34: OGRE EXCEPTION(2:InvalidParametersException): Named constants have not been initialised, perhaps a compile error. in GpuProgramParameters::_findNamedConstantDefinition at /Users/davidrogers/Documents/Development/Ogre/ogre-v1-7-3/OgreMain/src/OgreGpuProgramParams.cpp (line 1425)
00:25:34: Compiler error: invalid parameters in Examples.program(115): setting of constant failed
00:25:34: OGRE EXCEPTION(2:InvalidParametersException): Named constants have not been initialised, perhaps a compile error. in GpuProgramParameters::_findNamedConstantDefinition at /Users/davidrogers/Documents/Development/Ogre/ogre-v1-7-3/OgreMain/src/OgreGpuProgramParams.cpp (line 1425)
00:25:34: Compiler error: invalid parameters in Examples.program(116): setting of constant failed
00:25:34: Parsing script cube.1m.material
00:25:34: Parsing script longGrass.material
00:25:34: Parsing script Ogre.material
00:25:34: Parsing script puppetQuickTest.material
00:25:34: Parsing script select.material
00:25:34: Parsing script sky.material
00:25:34: Parsing script tile.material
00:25:34: Parsing script tileSelect.material
00:25:34: Parsing script unit.material
00:25:34: Parsing script unitMeshCombined.material
00:25:34: Parsing script Example.material
00:25:34: OGRE EXCEPTION(6:FileNotFoundException): Cannot locate resource skinningTwoWeightsShadowCasterVp.glsl in resource group General or any other group. in ResourceGroupManager::openResource at /Users/davidrogers/Documents/Development/Ogre/ogre-v1-7-3/OgreMain/src/OgreResourceGroupManager.cpp (line 753)
00:25:34: High-level program Ogre/HardwareSkinningTwoWeightsShadowCasterGLSL encountered an error during loading and is thus not supported.
OGRE EXCEPTION(6:FileNotFoundException): Cannot locate resource skinningTwoWeightsShadowCasterVp.glsl in resource group General or any other group. in ResourceGroupManager::openResource at /Users/davidrogers/Documents/Development/Ogre/ogre-v1-7-3/OgreMain/src/OgreResourceGroupManager.cpp (line 753)
00:25:34: OGRE EXCEPTION(2:InvalidParametersException): Named constants have not been initialised, perhaps a compile error. in GpuProgramParameters::_findNamedConstantDefinition at /Users/davidrogers/Documents/Development/Ogre/ogre-v1-7-3/OgreMain/src/OgreGpuProgramParams.cpp (line 1425)
00:25:34: Compiler error: invalid parameters in Example.material(1533): setting of constant failed
00:25:34: OGRE EXCEPTION(2:InvalidParametersException): Named constants have not been initialised, perhaps a compile error. in GpuProgramParameters::_findNamedConstantDefinition at /Users/davidrogers/Documents/Development/Ogre/ogre-v1-7-3/OgreMain/src/OgreGpuProgramParams.cpp (line 1425)
00:25:34: Compiler error: invalid parameters in Example.material(1534): setting of constant failed
00:25:34: OGRE EXCEPTION(2:InvalidParametersException): Named constants have not been initialised, perhaps a compile error. in GpuProgramParameters::_findNamedConstantDefinition at /Users/davidrogers/Documents/Development/Ogre/ogre-v1-7-3/OgreMain/src/OgreGpuProgramParams.cpp (line 1425)
00:25:34: Compiler error: invalid parameters in Example.material(1535): setting of constant failed
00:25:34: Parsing script Examples-Advanced.material
00:25:34: Compiler error: object unsupported by render system in Examples-Advanced.material(381)
00:25:34: Parsing script Compositor.overlay
00:25:34: Parsing script DP3.overlay
00:25:34: Parsing script Example-CubeMapping.overlay
00:25:34: Parsing script Example-DynTex.overlay
00:25:34: Parsing script Example-Water.overlay
00:25:34: Parsing script Shadows.overlay
00:25:34: Finished parsing scripts for resource group General
00:25:34: Parsing scripts for resource group Internal
00:25:34: Finished parsing scripts for resource group Internal
00:25:34: Texture: stevecube_fr.jpg: Loading 1 faces(PF_R8G8B8,512x512x1) with 5 hardware generated mipmaps from Image. Internal format is PF_X8R8G8B8,512x512x1.
00:25:34: Texture: stevecube_bk.jpg: Loading 1 faces(PF_R8G8B8,512x512x1) with 5 hardware generated mipmaps from Image. Internal format is PF_X8R8G8B8,512x512x1.
00:25:34: Texture: stevecube_lf.jpg: Loading 1 faces(PF_R8G8B8,512x512x1) with 5 hardware generated mipmaps from Image. Internal format is PF_X8R8G8B8,512x512x1.
00:25:34: Texture: stevecube_rt.jpg: Loading 1 faces(PF_R8G8B8,512x512x1) with 5 hardware generated mipmaps from Image. Internal format is PF_X8R8G8B8,512x512x1.
00:25:34: Texture: stevecube_up.jpg: Loading 1 faces(PF_R8G8B8,512x512x1) with 5 hardware generated mipmaps from Image. Internal format is PF_X8R8G8B8,512x512x1.
00:25:34: Texture: stevecube_dn.jpg: Loading 1 faces(PF_R8G8B8,512x512x1) with 5 hardware generated mipmaps from Image. Internal format is PF_X8R8G8B8,512x512x1.
00:25:34: Texture: MyGUI_BlueWhiteSkins.png: Loading 1 faces(PF_A8R8G8B8,512x256x1) with  hardware generated mipmaps from Image. Internal format is PF_A8R8G8B8,512x256x1.
00:25:34: Texture: MyGUI_Pointers.png: Loading 1 faces(PF_A8R8G8B8,256x128x1) with  hardware generated mipmaps from Image. Internal format is PF_A8R8G8B8,256x128x1.
00:25:35: Mesh: Loading sky.mesh.
00:25:35: Texture: Mesiac_a_mraky.jpg: Loading 1 faces(PF_R8G8B8,3032x2064x1) with 5 hardware generated mipmaps from Image. Internal format is PF_X8R8G8B8,3032x2064x1.
00:25:35: Mesh: Loading tile.mesh.
00:25:35: Texture: nightGround.jpg: Loading 1 faces(PF_R8G8B8,640x480x1) with 5 hardware generated mipmaps from Image. Internal format is PF_X8R8G8B8,640x480x1.
00:25:35: Mesh: Loading unitMeshCombined.mesh.
00:25:35: Texture: erikHairTop.jpg: Loading 1 faces(PF_R8G8B8,640x480x1) with 5 hardware generated mipmaps from Image. Internal format is PF_X8R8G8B8,640x480x1.
00:25:35: OGRE EXCEPTION(6:FileNotFoundException): Cannot locate resource erikSideHair.jpg in resource group General or any other group. in ResourceGroupManager::openResource at /Users/davidrogers/Documents/Development/Ogre/ogre-v1-7-3/OgreMain/src/OgreResourceGroupManager.cpp (line 753)
00:25:35: Error loading texture erikSideHair.jpg. Texture layer will be blank. Loading the texture failed with the following exception: OGRE EXCEPTION(6:FileNotFoundException): Cannot locate resource erikSideHair.jpg in resource group General or any other group. in ResourceGroupManager::openResource at /Users/davidrogers/Documents/Development/Ogre/ogre-v1-7-3/OgreMain/src/OgreResourceGroupManager.cpp (line 753)
00:25:35: Texture: puppetShoe.png: Loading 1 faces(PF_R8G8B8,97x87x1) with 5 hardware generated mipmaps from Image. Internal format is PF_X8R8G8B8,97x87x1.
00:25:35: Texture: puppetTrouser.png: Loading 1 faces(PF_R8G8B8,244x440x1) with 5 hardware generated mipmaps from Image. Internal format is PF_X8R8G8B8,244x440x1.
00:25:35: Texture: puppetWool.png: Loading 1 faces(PF_R8G8B8,162x115x1) with 5 hardware generated mipmaps from Image. Internal format is PF_X8R8G8B8,162x115x1.
00:25:35: Texture: erikSide.jpg: Loading 1 faces(PF_R8G8B8,640x480x1) with 5 hardware generated mipmaps from Image. Internal format is PF_X8R8G8B8,640x480x1.
00:25:35: OGRE EXCEPTION(6:FileNotFoundException): Cannot locate resource erikHairTopNonTransparent.jpg in resource group General or any other group. in ResourceGroupManager::openResource at /Users/davidrogers/Documents/Development/Ogre/ogre-v1-7-3/OgreMain/src/OgreResourceGroupManager.cpp (line 753)
00:25:35: Error loading texture erikHairTopNonTransparent.jpg. Texture layer will be blank. Loading the texture failed with the following exception: OGRE EXCEPTION(6:FileNotFoundException): Cannot locate resource erikHairTopNonTransparent.jpg in resource group General or any other group. in ResourceGroupManager::openResource at /Users/davidrogers/Documents/Development/Ogre/ogre-v1-7-3/OgreMain/src/OgreResourceGroupManager.cpp (line 753)
00:25:35: OGRE EXCEPTION(6:FileNotFoundException): Cannot locate resource erikSideHairNonTransparent.jpg in resource group General or any other group. in ResourceGroupManager::openResource at /Users/davidrogers/Documents/Development/Ogre/ogre-v1-7-3/OgreMain/src/OgreResourceGroupManager.cpp (line 753)
00:25:35: Error loading texture erikSideHairNonTransparent.jpg. Texture layer will be blank. Loading the texture failed with the following exception: OGRE EXCEPTION(6:FileNotFoundException): Cannot locate resource erikSideHairNonTransparent.jpg in resource group General or any other group. in ResourceGroupManager::openResource at /Users/davidrogers/Documents/Development/Ogre/ogre-v1-7-3/OgreMain/src/OgreResourceGroupManager.cpp (line 753)
00:25:35: Texture: erik.jpg: Loading 1 faces(PF_R8G8B8,640x480x1) with 5 hardware generated mipmaps from Image. Internal format is PF_X8R8G8B8,640x480x1.
00:25:41: Mesh: Loading tileSelect.mesh.
00:25:41: Mesh: Loading unitMeshCombinedSelect.mesh.
